<?xml version="1.0" encoding="UTF-8"?>
<testsuite xmlns:xsi="http://www.w3.org/2001/XMLSchema-instance" xsi:noNamespaceSchemaLocation="https://maven.apache.org/surefire/maven-surefire-plugin/xsd/surefire-test-report.xsd" name="com.zheng.travel.browser.article.threads.WaitNotifyTest" time="60.003" tests="1" errors="0" skipped="0" failures="0">
  <properties>
    <property name="sun.desktop" value="windows"/>
    <property name="awt.toolkit" value="sun.awt.windows.WToolkit"/>
    <property name="file.encoding.pkg" value="sun.io"/>
    <property name="java.specification.version" value="1.8"/>
    <property name="sun.cpu.isalist" value="amd64"/>
    <property name="sun.jnu.encoding" value="GBK"/>
    <property name="java.class.path" value="D:\yjxz\YJ_Class\projects\Travel\code\travel-browser-cloud\travel-browser-modules\travel-browser-article-server\target\test-classes;D:\yjxz\YJ_Class\projects\Travel\code\travel-browser-cloud\travel-browser-modules\travel-browser-article-server\target\classes;D:\development\JavaEE\maven\apache-maven-3.6.1\mvn_resp\mysql\mysql-connector-java\8.0.21\mysql-connector-java-8.0.21.jar;D:\development\JavaEE\maven\apache-maven-3.6.1\mvn_resp\org\projectlombok\lombok\1.18.12\lombok-1.18.12.jar;D:\development\JavaEE\maven\apache-maven-3.6.1\mvn_resp\com\zheng\travel\travel-browser-article-api\1.0-SNAPSHOT\travel-browser-article-api-1.0-SNAPSHOT.jar;D:\development\JavaEE\maven\apache-maven-3.6.1\mvn_resp\com\baomidou\mybatis-plus-boot-starter\3.4.0\mybatis-plus-boot-starter-3.4.0.jar;D:\development\JavaEE\maven\apache-maven-3.6.1\mvn_resp\com\baomidou\mybatis-plus\3.4.0\mybatis-plus-3.4.0.jar;D:\development\JavaEE\maven\apache-maven-3.6.1\mvn_resp\com\baomidou\mybatis-plus-extension\3.4.0\mybatis-plus-extension-3.4.0.jar;D:\development\JavaEE\maven\apache-maven-3.6.1\mvn_resp\com\baomidou\mybatis-plus-core\3.4.0\mybatis-plus-core-3.4.0.jar;D:\development\JavaEE\maven\apache-maven-3.6.1\mvn_resp\com\baomidou\mybatis-plus-annotation\3.4.0\mybatis-plus-annotation-3.4.0.jar;D:\development\JavaEE\maven\apache-maven-3.6.1\mvn_resp\com\github\jsqlparser\jsqlparser\3.2\jsqlparser-3.2.jar;D:\development\JavaEE\maven\apache-maven-3.6.1\mvn_resp\org\mybatis\mybatis\3.5.5\mybatis-3.5.5.jar;D:\development\JavaEE\maven\apache-maven-3.6.1\mvn_resp\org\mybatis\mybatis-spring\2.0.5\mybatis-spring-2.0.5.jar;D:\development\JavaEE\maven\apache-maven-3.6.1\mvn_resp\org\springframework\boot\spring-boot-autoconfigure\2.3.2.RELEASE\spring-boot-autoconfigure-2.3.2.RELEASE.jar;D:\development\JavaEE\maven\apache-maven-3.6.1\mvn_resp\org\springframework\boot\spring-boot-starter-jdbc\2.3.2.RELEASE\spring-boot-starter-jdbc-2.3.2.RELEASE.jar;D:\development\JavaEE\maven\apache-maven-3.6.1\mvn_resp\com\zaxxer\HikariCP\3.4.5\HikariCP-3.4.5.jar;D:\development\JavaEE\maven\apache-maven-3.6.1\mvn_resp\org\springframework\spring-jdbc\5.2.8.RELEASE\spring-jdbc-5.2.8.RELEASE.jar;D:\development\JavaEE\maven\apache-maven-3.6.1\mvn_resp\org\springframework\spring-tx\5.2.8.RELEASE\spring-tx-5.2.8.RELEASE.jar;D:\development\JavaEE\maven\apache-maven-3.6.1\mvn_resp\com\zheng\travel\travel-browser-users-api\1.0-SNAPSHOT\travel-browser-users-api-1.0-SNAPSHOT.jar;D:\development\JavaEE\maven\apache-maven-3.6.1\mvn_resp\com\zheng\travel\travel-browser-common-redis\1.0-SNAPSHOT\travel-browser-common-redis-1.0-SNAPSHOT.jar;D:\development\JavaEE\maven\apache-maven-3.6.1\mvn_resp\org\springframework\boot\spring-boot-starter-data-redis\2.3.2.RELEASE\spring-boot-starter-data-redis-2.3.2.RELEASE.jar;D:\development\JavaEE\maven\apache-maven-3.6.1\mvn_resp\org\springframework\data\spring-data-redis\2.3.2.RELEASE\spring-data-redis-2.3.2.RELEASE.jar;D:\development\JavaEE\maven\apache-maven-3.6.1\mvn_resp\org\springframework\data\spring-data-keyvalue\2.3.2.RELEASE\spring-data-keyvalue-2.3.2.RELEASE.jar;D:\development\JavaEE\maven\apache-maven-3.6.1\mvn_resp\org\springframework\data\spring-data-commons\2.3.2.RELEASE\spring-data-commons-2.3.2.RELEASE.jar;D:\development\JavaEE\maven\apache-maven-3.6.1\mvn_resp\org\springframework\spring-oxm\5.2.8.RELEASE\spring-oxm-5.2.8.RELEASE.jar;D:\development\JavaEE\maven\apache-maven-3.6.1\mvn_resp\org\springframework\spring-context-support\5.2.8.RELEASE\spring-context-support-5.2.8.RELEASE.jar;D:\development\JavaEE\maven\apache-maven-3.6.1\mvn_resp\io\lettuce\lettuce-core\5.3.2.RELEASE\lettuce-core-5.3.2.RELEASE.jar;D:\development\JavaEE\maven\apache-maven-3.6.1\mvn_resp\io\netty\netty-common\4.1.51.Final\netty-common-4.1.51.Final.jar;D:\development\JavaEE\maven\apache-maven-3.6.1\mvn_resp\io\netty\netty-handler\4.1.51.Final\netty-handler-4.1.51.Final.jar;D:\development\JavaEE\maven\apache-maven-3.6.1\mvn_resp\io\netty\netty-resolver\4.1.51.Final\netty-resolver-4.1.51.Final.jar;D:\development\JavaEE\maven\apache-maven-3.6.1\mvn_resp\io\netty\netty-buffer\4.1.51.Final\netty-buffer-4.1.51.Final.jar;D:\development\JavaEE\maven\apache-maven-3.6.1\mvn_resp\io\netty\netty-codec\4.1.51.Final\netty-codec-4.1.51.Final.jar;D:\development\JavaEE\maven\apache-maven-3.6.1\mvn_resp\io\netty\netty-transport\4.1.51.Final\netty-transport-4.1.51.Final.jar;D:\development\JavaEE\maven\apache-maven-3.6.1\mvn_resp\io\projectreactor\reactor-core\3.3.8.RELEASE\reactor-core-3.3.8.RELEASE.jar;D:\development\JavaEE\maven\apache-maven-3.6.1\mvn_resp\org\reactivestreams\reactive-streams\1.0.3\reactive-streams-1.0.3.jar;D:\development\JavaEE\maven\apache-maven-3.6.1\mvn_resp\com\zheng\travel\travel-browser-common-auth\1.0-SNAPSHOT\travel-browser-common-auth-1.0-SNAPSHOT.jar;D:\development\JavaEE\maven\apache-maven-3.6.1\mvn_resp\io\jsonwebtoken\jjwt\0.9.1\jjwt-0.9.1.jar;D:\development\JavaEE\maven\apache-maven-3.6.1\mvn_resp\com\fasterxml\jackson\core\jackson-databind\2.11.1\jackson-databind-2.11.1.jar;D:\development\JavaEE\maven\apache-maven-3.6.1\mvn_resp\com\fasterxml\jackson\core\jackson-annotations\2.11.1\jackson-annotations-2.11.1.jar;D:\development\JavaEE\maven\apache-maven-3.6.1\mvn_resp\com\zheng\travel\travel-browser-common-core\1.0-SNAPSHOT\travel-browser-common-core-1.0-SNAPSHOT.jar;D:\development\JavaEE\maven\apache-maven-3.6.1\mvn_resp\com\alibaba\fastjson2\fastjson2\2.0.25\fastjson2-2.0.25.jar;D:\development\JavaEE\maven\apache-maven-3.6.1\mvn_resp\org\apache\commons\commons-lang3\3.12.0\commons-lang3-3.12.0.jar;D:\development\JavaEE\maven\apache-maven-3.6.1\mvn_resp\io\springfox\springfox-swagger2\2.9.2\springfox-swagger2-2.9.2.jar;D:\development\JavaEE\maven\apache-maven-3.6.1\mvn_resp\io\swagger\swagger-annotations\1.5.20\swagger-annotations-1.5.20.jar;D:\development\JavaEE\maven\apache-maven-3.6.1\mvn_resp\io\swagger\swagger-models\1.5.20\swagger-models-1.5.20.jar;D:\development\JavaEE\maven\apache-maven-3.6.1\mvn_resp\io\springfox\springfox-spi\2.9.2\springfox-spi-2.9.2.jar;D:\development\JavaEE\maven\apache-maven-3.6.1\mvn_resp\io\springfox\springfox-core\2.9.2\springfox-core-2.9.2.jar;D:\development\JavaEE\maven\apache-maven-3.6.1\mvn_resp\io\springfox\springfox-schema\2.9.2\springfox-schema-2.9.2.jar;D:\development\JavaEE\maven\apache-maven-3.6.1\mvn_resp\io\springfox\springfox-swagger-common\2.9.2\springfox-swagger-common-2.9.2.jar;D:\development\JavaEE\maven\apache-maven-3.6.1\mvn_resp\io\springfox\springfox-spring-web\2.9.2\springfox-spring-web-2.9.2.jar;D:\development\JavaEE\maven\apache-maven-3.6.1\mvn_resp\com\google\guava\guava\29.0-jre\guava-29.0-jre.jar;D:\development\JavaEE\maven\apache-maven-3.6.1\mvn_resp\com\google\guava\failureaccess\1.0.1\failureaccess-1.0.1.jar;D:\development\JavaEE\maven\apache-maven-3.6.1\mvn_resp\com\google\guava\listenablefuture\9999.0-empty-to-avoid-conflict-with-guava\listenablefuture-9999.0-empty-to-avoid-conflict-with-guava.jar;D:\development\JavaEE\maven\apache-maven-3.6.1\mvn_resp\com\google\code\findbugs\jsr305\3.0.2\jsr305-3.0.2.jar;D:\development\JavaEE\maven\apache-maven-3.6.1\mvn_resp\org\checkerframework\checker-qual\2.11.1\checker-qual-2.11.1.jar;D:\development\JavaEE\maven\apache-maven-3.6.1\mvn_resp\com\google\errorprone\error_prone_annotations\2.3.4\error_prone_annotations-2.3.4.jar;D:\development\JavaEE\maven\apache-maven-3.6.1\mvn_resp\com\google\j2objc\j2objc-annotations\1.3\j2objc-annotations-1.3.jar;D:\development\JavaEE\maven\apache-maven-3.6.1\mvn_resp\com\fasterxml\classmate\1.5.1\classmate-1.5.1.jar;D:\development\JavaEE\maven\apache-maven-3.6.1\mvn_resp\org\slf4j\slf4j-api\1.7.30\slf4j-api-1.7.30.jar;D:\development\JavaEE\maven\apache-maven-3.6.1\mvn_resp\org\springframework\plugin\spring-plugin-core\1.2.0.RELEASE\spring-plugin-core-1.2.0.RELEASE.jar;D:\development\JavaEE\maven\apache-maven-3.6.1\mvn_resp\org\springframework\plugin\spring-plugin-metadata\1.2.0.RELEASE\spring-plugin-metadata-1.2.0.RELEASE.jar;D:\development\JavaEE\maven\apache-maven-3.6.1\mvn_resp\org\mapstruct\mapstruct\1.2.0.Final\mapstruct-1.2.0.Final.jar;D:\development\JavaEE\maven\apache-maven-3.6.1\mvn_resp\io\springfox\springfox-swagger-ui\2.9.2\springfox-swagger-ui-2.9.2.jar;D:\development\JavaEE\maven\apache-maven-3.6.1\mvn_resp\com\aliyun\oss\aliyun-sdk-oss\3.10.0\aliyun-sdk-oss-3.10.0.jar;D:\development\JavaEE\maven\apache-maven-3.6.1\mvn_resp\org\apache\httpcomponents\httpclient\4.5.12\httpclient-4.5.12.jar;D:\development\JavaEE\maven\apache-maven-3.6.1\mvn_resp\org\apache\httpcomponents\httpcore\4.4.13\httpcore-4.4.13.jar;D:\development\JavaEE\maven\apache-maven-3.6.1\mvn_resp\commons-codec\commons-codec\1.14\commons-codec-1.14.jar;D:\development\JavaEE\maven\apache-maven-3.6.1\mvn_resp\org\jdom\jdom\1.1\jdom-1.1.jar;D:\development\JavaEE\maven\apache-maven-3.6.1\mvn_resp\org\codehaus\jettison\jettison\1.1\jettison-1.1.jar;D:\development\JavaEE\maven\apache-maven-3.6.1\mvn_resp\stax\stax-api\1.0.1\stax-api-1.0.1.jar;D:\development\JavaEE\maven\apache-maven-3.6.1\mvn_resp\com\aliyun\aliyun-java-sdk-core\3.4.0\aliyun-java-sdk-core-3.4.0.jar;D:\development\JavaEE\maven\apache-maven-3.6.1\mvn_resp\com\aliyun\aliyun-java-sdk-ram\3.0.0\aliyun-java-sdk-ram-3.0.0.jar;D:\development\JavaEE\maven\apache-maven-3.6.1\mvn_resp\com\aliyun\aliyun-java-sdk-sts\3.0.0\aliyun-java-sdk-sts-3.0.0.jar;D:\development\JavaEE\maven\apache-maven-3.6.1\mvn_resp\com\aliyun\aliyun-java-sdk-ecs\4.2.0\aliyun-java-sdk-ecs-4.2.0.jar;D:\development\JavaEE\maven\apache-maven-3.6.1\mvn_resp\com\aliyun\aliyun-java-sdk-kms\2.7.0\aliyun-java-sdk-kms-2.7.0.jar;D:\development\JavaEE\maven\apache-maven-3.6.1\mvn_resp\com\google\code\gson\gson\2.8.6\gson-2.8.6.jar;D:\development\JavaEE\maven\apache-maven-3.6.1\mvn_resp\org\springframework\boot\spring-boot-starter-test\2.3.2.RELEASE\spring-boot-starter-test-2.3.2.RELEASE.jar;D:\development\JavaEE\maven\apache-maven-3.6.1\mvn_resp\org\springframework\boot\spring-boot-starter\2.3.2.RELEASE\spring-boot-starter-2.3.2.RELEASE.jar;D:\development\JavaEE\maven\apache-maven-3.6.1\mvn_resp\org\springframework\boot\spring-boot\2.3.2.RELEASE\spring-boot-2.3.2.RELEASE.jar;D:\development\JavaEE\maven\apache-maven-3.6.1\mvn_resp\org\springframework\boot\spring-boot-starter-logging\2.3.2.RELEASE\spring-boot-starter-logging-2.3.2.RELEASE.jar;D:\development\JavaEE\maven\apache-maven-3.6.1\mvn_resp\ch\qos\logback\logback-classic\1.2.3\logback-classic-1.2.3.jar;D:\development\JavaEE\maven\apache-maven-3.6.1\mvn_resp\ch\qos\logback\logback-core\1.2.3\logback-core-1.2.3.jar;D:\development\JavaEE\maven\apache-maven-3.6.1\mvn_resp\org\apache\logging\log4j\log4j-to-slf4j\2.13.3\log4j-to-slf4j-2.13.3.jar;D:\development\JavaEE\maven\apache-maven-3.6.1\mvn_resp\org\apache\logging\log4j\log4j-api\2.13.3\log4j-api-2.13.3.jar;D:\development\JavaEE\maven\apache-maven-3.6.1\mvn_resp\org\slf4j\jul-to-slf4j\1.7.30\jul-to-slf4j-1.7.30.jar;D:\development\JavaEE\maven\apache-maven-3.6.1\mvn_resp\jakarta\annotation\jakarta.annotation-api\1.3.5\jakarta.annotation-api-1.3.5.jar;D:\development\JavaEE\maven\apache-maven-3.6.1\mvn_resp\org\yaml\snakeyaml\1.26\snakeyaml-1.26.jar;D:\development\JavaEE\maven\apache-maven-3.6.1\mvn_resp\org\springframework\boot\spring-boot-test\2.3.2.RELEASE\spring-boot-test-2.3.2.RELEASE.jar;D:\development\JavaEE\maven\apache-maven-3.6.1\mvn_resp\org\springframework\boot\spring-boot-test-autoconfigure\2.3.2.RELEASE\spring-boot-test-autoconfigure-2.3.2.RELEASE.jar;D:\development\JavaEE\maven\apache-maven-3.6.1\mvn_resp\com\jayway\jsonpath\json-path\2.4.0\json-path-2.4.0.jar;D:\development\JavaEE\maven\apache-maven-3.6.1\mvn_resp\net\minidev\json-smart\2.3\json-smart-2.3.jar;D:\development\JavaEE\maven\apache-maven-3.6.1\mvn_resp\net\minidev\accessors-smart\1.2\accessors-smart-1.2.jar;D:\development\JavaEE\maven\apache-maven-3.6.1\mvn_resp\org\ow2\asm\asm\5.0.4\asm-5.0.4.jar;D:\development\JavaEE\maven\apache-maven-3.6.1\mvn_resp\jakarta\xml\bind\jakarta.xml.bind-api\2.3.3\jakarta.xml.bind-api-2.3.3.jar;D:\development\JavaEE\maven\apache-maven-3.6.1\mvn_resp\jakarta\activation\jakarta.activation-api\1.2.2\jakarta.activation-api-1.2.2.jar;D:\development\JavaEE\maven\apache-maven-3.6.1\mvn_resp\org\assertj\assertj-core\3.16.1\assertj-core-3.16.1.jar;D:\development\JavaEE\maven\apache-maven-3.6.1\mvn_resp\org\hamcrest\hamcrest\2.2\hamcrest-2.2.jar;D:\development\JavaEE\maven\apache-maven-3.6.1\mvn_resp\org\junit\jupiter\junit-jupiter\5.6.2\junit-jupiter-5.6.2.jar;D:\development\JavaEE\maven\apache-maven-3.6.1\mvn_resp\org\junit\jupiter\junit-jupiter-api\5.6.2\junit-jupiter-api-5.6.2.jar;D:\development\JavaEE\maven\apache-maven-3.6.1\mvn_resp\org\opentest4j\opentest4j\1.2.0\opentest4j-1.2.0.jar;D:\development\JavaEE\maven\apache-maven-3.6.1\mvn_resp\org\junit\platform\junit-platform-commons\1.6.2\junit-platform-commons-1.6.2.jar;D:\development\JavaEE\maven\apache-maven-3.6.1\mvn_resp\org\junit\jupiter\junit-jupiter-params\5.6.2\junit-jupiter-params-5.6.2.jar;D:\development\JavaEE\maven\apache-maven-3.6.1\mvn_resp\org\junit\jupiter\junit-jupiter-engine\5.6.2\junit-jupiter-engine-5.6.2.jar;D:\development\JavaEE\maven\apache-maven-3.6.1\mvn_resp\org\junit\vintage\junit-vintage-engine\5.6.2\junit-vintage-engine-5.6.2.jar;D:\development\JavaEE\maven\apache-maven-3.6.1\mvn_resp\org\apiguardian\apiguardian-api\1.1.0\apiguardian-api-1.1.0.jar;D:\development\JavaEE\maven\apache-maven-3.6.1\mvn_resp\org\junit\platform\junit-platform-engine\1.6.2\junit-platform-engine-1.6.2.jar;D:\development\JavaEE\maven\apache-maven-3.6.1\mvn_resp\junit\junit\4.13\junit-4.13.jar;D:\development\JavaEE\maven\apache-maven-3.6.1\mvn_resp\org\mockito\mockito-core\3.3.3\mockito-core-3.3.3.jar;D:\development\JavaEE\maven\apache-maven-3.6.1\mvn_resp\net\bytebuddy\byte-buddy\1.10.13\byte-buddy-1.10.13.jar;D:\development\JavaEE\maven\apache-maven-3.6.1\mvn_resp\net\bytebuddy\byte-buddy-agent\1.10.13\byte-buddy-agent-1.10.13.jar;D:\development\JavaEE\maven\apache-maven-3.6.1\mvn_resp\org\objenesis\objenesis\2.6\objenesis-2.6.jar;D:\development\JavaEE\maven\apache-maven-3.6.1\mvn_resp\org\mockito\mockito-junit-jupiter\3.3.3\mockito-junit-jupiter-3.3.3.jar;D:\development\JavaEE\maven\apache-maven-3.6.1\mvn_resp\org\skyscreamer\jsonassert\1.5.0\jsonassert-1.5.0.jar;D:\development\JavaEE\maven\apache-maven-3.6.1\mvn_resp\com\vaadin\external\google\android-json\0.0.20131108.vaadin1\android-json-0.0.20131108.vaadin1.jar;D:\development\JavaEE\maven\apache-maven-3.6.1\mvn_resp\org\springframework\spring-core\5.2.8.RELEASE\spring-core-5.2.8.RELEASE.jar;D:\development\JavaEE\maven\apache-maven-3.6.1\mvn_resp\org\springframework\spring-jcl\5.2.8.RELEASE\spring-jcl-5.2.8.RELEASE.jar;D:\development\JavaEE\maven\apache-maven-3.6.1\mvn_resp\org\springframework\spring-test\5.2.8.RELEASE\spring-test-5.2.8.RELEASE.jar;D:\development\JavaEE\maven\apache-maven-3.6.1\mvn_resp\org\xmlunit\xmlunit-core\2.7.0\xmlunit-core-2.7.0.jar;D:\development\JavaEE\maven\apache-maven-3.6.1\mvn_resp\org\springframework\boot\spring-boot-starter-web\2.3.2.RELEASE\spring-boot-starter-web-2.3.2.RELEASE.jar;D:\development\JavaEE\maven\apache-maven-3.6.1\mvn_resp\org\springframework\boot\spring-boot-starter-json\2.3.2.RELEASE\spring-boot-starter-json-2.3.2.RELEASE.jar;D:\development\JavaEE\maven\apache-maven-3.6.1\mvn_resp\com\fasterxml\jackson\datatype\jackson-datatype-jdk8\2.11.1\jackson-datatype-jdk8-2.11.1.jar;D:\development\JavaEE\maven\apache-maven-3.6.1\mvn_resp\com\fasterxml\jackson\datatype\jackson-datatype-jsr310\2.11.1\jackson-datatype-jsr310-2.11.1.jar;D:\development\JavaEE\maven\apache-maven-3.6.1\mvn_resp\com\fasterxml\jackson\module\jackson-module-parameter-names\2.11.1\jackson-module-parameter-names-2.11.1.jar;D:\development\JavaEE\maven\apache-maven-3.6.1\mvn_resp\org\springframework\boot\spring-boot-starter-tomcat\2.3.2.RELEASE\spring-boot-starter-tomcat-2.3.2.RELEASE.jar;D:\development\JavaEE\maven\apache-maven-3.6.1\mvn_resp\org\apache\tomcat\embed\tomcat-embed-core\9.0.37\tomcat-embed-core-9.0.37.jar;D:\development\JavaEE\maven\apache-maven-3.6.1\mvn_resp\org\glassfish\jakarta.el\3.0.3\jakarta.el-3.0.3.jar;D:\development\JavaEE\maven\apache-maven-3.6.1\mvn_resp\org\apache\tomcat\embed\tomcat-embed-websocket\9.0.37\tomcat-embed-websocket-9.0.37.jar;D:\development\JavaEE\maven\apache-maven-3.6.1\mvn_resp\org\springframework\spring-web\5.2.8.RELEASE\spring-web-5.2.8.RELEASE.jar;D:\development\JavaEE\maven\apache-maven-3.6.1\mvn_resp\org\springframework\spring-beans\5.2.8.RELEASE\spring-beans-5.2.8.RELEASE.jar;D:\development\JavaEE\maven\apache-maven-3.6.1\mvn_resp\org\springframework\spring-webmvc\5.2.8.RELEASE\spring-webmvc-5.2.8.RELEASE.jar;D:\development\JavaEE\maven\apache-maven-3.6.1\mvn_resp\org\springframework\spring-aop\5.2.8.RELEASE\spring-aop-5.2.8.RELEASE.jar;D:\development\JavaEE\maven\apache-maven-3.6.1\mvn_resp\org\springframework\spring-context\5.2.8.RELEASE\spring-context-5.2.8.RELEASE.jar;D:\development\JavaEE\maven\apache-maven-3.6.1\mvn_resp\org\springframework\spring-expression\5.2.8.RELEASE\spring-expression-5.2.8.RELEASE.jar;D:\development\JavaEE\maven\apache-maven-3.6.1\mvn_resp\com\alibaba\cloud\spring-cloud-starter-alibaba-nacos-discovery\2.2.3.RELEASE\spring-cloud-starter-alibaba-nacos-discovery-2.2.3.RELEASE.jar;D:\development\JavaEE\maven\apache-maven-3.6.1\mvn_resp\com\alibaba\nacos\nacos-client\1.3.3\nacos-client-1.3.3.jar;D:\development\JavaEE\maven\apache-maven-3.6.1\mvn_resp\com\alibaba\nacos\nacos-common\1.3.3\nacos-common-1.3.3.jar;D:\development\JavaEE\maven\apache-maven-3.6.1\mvn_resp\commons-io\commons-io\2.2\commons-io-2.2.jar;D:\development\JavaEE\maven\apache-maven-3.6.1\mvn_resp\org\apache\httpcomponents\httpasyncclient\4.1.4\httpasyncclient-4.1.4.jar;D:\development\JavaEE\maven\apache-maven-3.6.1\mvn_resp\org\apache\httpcomponents\httpcore-nio\4.4.13\httpcore-nio-4.4.13.jar;D:\development\JavaEE\maven\apache-maven-3.6.1\mvn_resp\com\alibaba\nacos\nacos-api\1.3.3\nacos-api-1.3.3.jar;D:\development\JavaEE\maven\apache-maven-3.6.1\mvn_resp\com\fasterxml\jackson\core\jackson-core\2.11.1\jackson-core-2.11.1.jar;D:\development\JavaEE\maven\apache-maven-3.6.1\mvn_resp\io\prometheus\simpleclient\0.5.0\simpleclient-0.5.0.jar;D:\development\JavaEE\maven\apache-maven-3.6.1\mvn_resp\com\alibaba\spring\spring-context-support\1.0.10\spring-context-support-1.0.10.jar;D:\development\JavaEE\maven\apache-maven-3.6.1\mvn_resp\org\springframework\cloud\spring-cloud-commons\2.2.5.RELEASE\spring-cloud-commons-2.2.5.RELEASE.jar;D:\development\JavaEE\maven\apache-maven-3.6.1\mvn_resp\org\springframework\security\spring-security-crypto\5.3.3.RELEASE\spring-security-crypto-5.3.3.RELEASE.jar;D:\development\JavaEE\maven\apache-maven-3.6.1\mvn_resp\org\springframework\cloud\spring-cloud-context\2.2.5.RELEASE\spring-cloud-context-2.2.5.RELEASE.jar;D:\development\JavaEE\maven\apache-maven-3.6.1\mvn_resp\org\springframework\cloud\spring-cloud-starter-netflix-ribbon\2.2.5.RELEASE\spring-cloud-starter-netflix-ribbon-2.2.5.RELEASE.jar;D:\development\JavaEE\maven\apache-maven-3.6.1\mvn_resp\org\springframework\cloud\spring-cloud-netflix-ribbon\2.2.5.RELEASE\spring-cloud-netflix-ribbon-2.2.5.RELEASE.jar;D:\development\JavaEE\maven\apache-maven-3.6.1\mvn_resp\org\springframework\cloud\spring-cloud-netflix-archaius\2.2.5.RELEASE\spring-cloud-netflix-archaius-2.2.5.RELEASE.jar;D:\development\JavaEE\maven\apache-maven-3.6.1\mvn_resp\org\springframework\cloud\spring-cloud-starter-netflix-archaius\2.2.5.RELEASE\spring-cloud-starter-netflix-archaius-2.2.5.RELEASE.jar;D:\development\JavaEE\maven\apache-maven-3.6.1\mvn_resp\commons-configuration\commons-configuration\1.8\commons-configuration-1.8.jar;D:\development\JavaEE\maven\apache-maven-3.6.1\mvn_resp\com\netflix\ribbon\ribbon\2.3.0\ribbon-2.3.0.jar;D:\development\JavaEE\maven\apache-maven-3.6.1\mvn_resp\com\netflix\ribbon\ribbon-transport\2.3.0\ribbon-transport-2.3.0.jar;D:\development\JavaEE\maven\apache-maven-3.6.1\mvn_resp\io\reactivex\rxnetty-contexts\0.4.9\rxnetty-contexts-0.4.9.jar;D:\development\JavaEE\maven\apache-maven-3.6.1\mvn_resp\io\reactivex\rxnetty-servo\0.4.9\rxnetty-servo-0.4.9.jar;D:\development\JavaEE\maven\apache-maven-3.6.1\mvn_resp\javax\inject\javax.inject\1\javax.inject-1.jar;D:\development\JavaEE\maven\apache-maven-3.6.1\mvn_resp\io\reactivex\rxnetty\0.4.9\rxnetty-0.4.9.jar;D:\development\JavaEE\maven\apache-maven-3.6.1\mvn_resp\com\netflix\ribbon\ribbon-core\2.3.0\ribbon-core-2.3.0.jar;D:\development\JavaEE\maven\apache-maven-3.6.1\mvn_resp\commons-lang\commons-lang\2.6\commons-lang-2.6.jar;D:\development\JavaEE\maven\apache-maven-3.6.1\mvn_resp\com\netflix\ribbon\ribbon-httpclient\2.3.0\ribbon-httpclient-2.3.0.jar;D:\development\JavaEE\maven\apache-maven-3.6.1\mvn_resp\commons-collections\commons-collections\3.2.2\commons-collections-3.2.2.jar;D:\development\JavaEE\maven\apache-maven-3.6.1\mvn_resp\com\sun\jersey\jersey-client\1.19.1\jersey-client-1.19.1.jar;D:\development\JavaEE\maven\apache-maven-3.6.1\mvn_resp\com\sun\jersey\jersey-core\1.19.1\jersey-core-1.19.1.jar;D:\development\JavaEE\maven\apache-maven-3.6.1\mvn_resp\javax\ws\rs\jsr311-api\1.1.1\jsr311-api-1.1.1.jar;D:\development\JavaEE\maven\apache-maven-3.6.1\mvn_resp\com\sun\jersey\contribs\jersey-apache-client4\1.19.1\jersey-apache-client4-1.19.1.jar;D:\development\JavaEE\maven\apache-maven-3.6.1\mvn_resp\com\netflix\servo\servo-core\0.12.21\servo-core-0.12.21.jar;D:\development\JavaEE\maven\apache-maven-3.6.1\mvn_resp\com\netflix\netflix-commons\netflix-commons-util\0.3.0\netflix-commons-util-0.3.0.jar;D:\development\JavaEE\maven\apache-maven-3.6.1\mvn_resp\com\netflix\ribbon\ribbon-loadbalancer\2.3.0\ribbon-loadbalancer-2.3.0.jar;D:\development\JavaEE\maven\apache-maven-3.6.1\mvn_resp\com\netflix\netflix-commons\netflix-statistics\0.1.1\netflix-statistics-0.1.1.jar;D:\development\JavaEE\maven\apache-maven-3.6.1\mvn_resp\io\reactivex\rxjava\1.3.8\rxjava-1.3.8.jar;D:\development\JavaEE\maven\apache-maven-3.6.1\mvn_resp\com\alibaba\cloud\spring-cloud-starter-alibaba-nacos-config\2.2.3.RELEASE\spring-cloud-starter-alibaba-nacos-config-2.2.3.RELEASE.jar;D:\development\JavaEE\maven\apache-maven-3.6.1\mvn_resp\org\springframework\cloud\spring-cloud-starter-openfeign\2.2.5.RELEASE\spring-cloud-starter-openfeign-2.2.5.RELEASE.jar;D:\development\JavaEE\maven\apache-maven-3.6.1\mvn_resp\org\springframework\cloud\spring-cloud-starter\2.2.5.RELEASE\spring-cloud-starter-2.2.5.RELEASE.jar;D:\development\JavaEE\maven\apache-maven-3.6.1\mvn_resp\org\springframework\security\spring-security-rsa\1.0.9.RELEASE\spring-security-rsa-1.0.9.RELEASE.jar;D:\development\JavaEE\maven\apache-maven-3.6.1\mvn_resp\org\bouncycastle\bcpkix-jdk15on\1.64\bcpkix-jdk15on-1.64.jar;D:\development\JavaEE\maven\apache-maven-3.6.1\mvn_resp\org\bouncycastle\bcprov-jdk15on\1.64\bcprov-jdk15on-1.64.jar;D:\development\JavaEE\maven\apache-maven-3.6.1\mvn_resp\org\springframework\cloud\spring-cloud-openfeign-core\2.2.5.RELEASE\spring-cloud-openfeign-core-2.2.5.RELEASE.jar;D:\development\JavaEE\maven\apache-maven-3.6.1\mvn_resp\org\springframework\boot\spring-boot-starter-aop\2.3.2.RELEASE\spring-boot-starter-aop-2.3.2.RELEASE.jar;D:\development\JavaEE\maven\apache-maven-3.6.1\mvn_resp\org\aspectj\aspectjweaver\1.9.6\aspectjweaver-1.9.6.jar;D:\development\JavaEE\maven\apache-maven-3.6.1\mvn_resp\io\github\openfeign\form\feign-form-spring\3.8.0\feign-form-spring-3.8.0.jar;D:\development\JavaEE\maven\apache-maven-3.6.1\mvn_resp\io\github\openfeign\form\feign-form\3.8.0\feign-form-3.8.0.jar;D:\development\JavaEE\maven\apache-maven-3.6.1\mvn_resp\commons-fileupload\commons-fileupload\1.4\commons-fileupload-1.4.jar;D:\development\JavaEE\maven\apache-maven-3.6.1\mvn_resp\io\github\openfeign\feign-core\10.10.1\feign-core-10.10.1.jar;D:\development\JavaEE\maven\apache-maven-3.6.1\mvn_resp\io\github\openfeign\feign-slf4j\10.10.1\feign-slf4j-10.10.1.jar;D:\development\JavaEE\maven\apache-maven-3.6.1\mvn_resp\io\github\openfeign\feign-hystrix\10.10.1\feign-hystrix-10.10.1.jar;D:\development\JavaEE\maven\apache-maven-3.6.1\mvn_resp\com\netflix\archaius\archaius-core\0.7.6\archaius-core-0.7.6.jar;D:\development\JavaEE\maven\apache-maven-3.6.1\mvn_resp\com\netflix\hystrix\hystrix-core\1.5.18\hystrix-core-1.5.18.jar;D:\development\JavaEE\maven\apache-maven-3.6.1\mvn_resp\org\hdrhistogram\HdrHistogram\2.1.9\HdrHistogram-2.1.9.jar;"/>
    <property name="java.vm.vendor" value="Oracle Corporation"/>
    <property name="sun.arch.data.model" value="64"/>
    <property name="user.variant" value=""/>
    <property name="java.vendor.url" value="http://java.oracle.com/"/>
    <property name="user.timezone" value="Asia/Shanghai"/>
    <property name="java.vm.specification.version" value="1.8"/>
    <property name="os.name" value="Windows 10"/>
    <property name="user.country" value="CN"/>
    <property name="sun.java.launcher" value="SUN_STANDARD"/>
    <property name="sun.boot.library.path" value="D:\development\Java\jdk1.8.0_172\jre\bin"/>
    <property name="sun.java.command" value="C:\Users\Administrator\AppData\Local\Temp\surefire8623960174228194284\surefirebooter3888031879068765980.jar C:\Users\Administrator\AppData\Local\Temp\surefire8623960174228194284 2023-12-03T18-46-24_795-jvmRun1 surefire749488744760030159tmp surefire_08095381734524379717tmp"/>
    <property name="surefire.test.class.path" value="D:\yjxz\YJ_Class\projects\Travel\code\travel-browser-cloud\travel-browser-modules\travel-browser-article-server\target\test-classes;D:\yjxz\YJ_Class\projects\Travel\code\travel-browser-cloud\travel-browser-modules\travel-browser-article-server\target\classes;D:\development\JavaEE\maven\apache-maven-3.6.1\mvn_resp\mysql\mysql-connector-java\8.0.21\mysql-connector-java-8.0.21.jar;D:\development\JavaEE\maven\apache-maven-3.6.1\mvn_resp\org\projectlombok\lombok\1.18.12\lombok-1.18.12.jar;D:\development\JavaEE\maven\apache-maven-3.6.1\mvn_resp\com\zheng\travel\travel-browser-article-api\1.0-SNAPSHOT\travel-browser-article-api-1.0-SNAPSHOT.jar;D:\development\JavaEE\maven\apache-maven-3.6.1\mvn_resp\com\baomidou\mybatis-plus-boot-starter\3.4.0\mybatis-plus-boot-starter-3.4.0.jar;D:\development\JavaEE\maven\apache-maven-3.6.1\mvn_resp\com\baomidou\mybatis-plus\3.4.0\mybatis-plus-3.4.0.jar;D:\development\JavaEE\maven\apache-maven-3.6.1\mvn_resp\com\baomidou\mybatis-plus-extension\3.4.0\mybatis-plus-extension-3.4.0.jar;D:\development\JavaEE\maven\apache-maven-3.6.1\mvn_resp\com\baomidou\mybatis-plus-core\3.4.0\mybatis-plus-core-3.4.0.jar;D:\development\JavaEE\maven\apache-maven-3.6.1\mvn_resp\com\baomidou\mybatis-plus-annotation\3.4.0\mybatis-plus-annotation-3.4.0.jar;D:\development\JavaEE\maven\apache-maven-3.6.1\mvn_resp\com\github\jsqlparser\jsqlparser\3.2\jsqlparser-3.2.jar;D:\development\JavaEE\maven\apache-maven-3.6.1\mvn_resp\org\mybatis\mybatis\3.5.5\mybatis-3.5.5.jar;D:\development\JavaEE\maven\apache-maven-3.6.1\mvn_resp\org\mybatis\mybatis-spring\2.0.5\mybatis-spring-2.0.5.jar;D:\development\JavaEE\maven\apache-maven-3.6.1\mvn_resp\org\springframework\boot\spring-boot-autoconfigure\2.3.2.RELEASE\spring-boot-autoconfigure-2.3.2.RELEASE.jar;D:\development\JavaEE\maven\apache-maven-3.6.1\mvn_resp\org\springframework\boot\spring-boot-starter-jdbc\2.3.2.RELEASE\spring-boot-starter-jdbc-2.3.2.RELEASE.jar;D:\development\JavaEE\maven\apache-maven-3.6.1\mvn_resp\com\zaxxer\HikariCP\3.4.5\HikariCP-3.4.5.jar;D:\development\JavaEE\maven\apache-maven-3.6.1\mvn_resp\org\springframework\spring-jdbc\5.2.8.RELEASE\spring-jdbc-5.2.8.RELEASE.jar;D:\development\JavaEE\maven\apache-maven-3.6.1\mvn_resp\org\springframework\spring-tx\5.2.8.RELEASE\spring-tx-5.2.8.RELEASE.jar;D:\development\JavaEE\maven\apache-maven-3.6.1\mvn_resp\com\zheng\travel\travel-browser-users-api\1.0-SNAPSHOT\travel-browser-users-api-1.0-SNAPSHOT.jar;D:\development\JavaEE\maven\apache-maven-3.6.1\mvn_resp\com\zheng\travel\travel-browser-common-redis\1.0-SNAPSHOT\travel-browser-common-redis-1.0-SNAPSHOT.jar;D:\development\JavaEE\maven\apache-maven-3.6.1\mvn_resp\org\springframework\boot\spring-boot-starter-data-redis\2.3.2.RELEASE\spring-boot-starter-data-redis-2.3.2.RELEASE.jar;D:\development\JavaEE\maven\apache-maven-3.6.1\mvn_resp\org\springframework\data\spring-data-redis\2.3.2.RELEASE\spring-data-redis-2.3.2.RELEASE.jar;D:\development\JavaEE\maven\apache-maven-3.6.1\mvn_resp\org\springframework\data\spring-data-keyvalue\2.3.2.RELEASE\spring-data-keyvalue-2.3.2.RELEASE.jar;D:\development\JavaEE\maven\apache-maven-3.6.1\mvn_resp\org\springframework\data\spring-data-commons\2.3.2.RELEASE\spring-data-commons-2.3.2.RELEASE.jar;D:\development\JavaEE\maven\apache-maven-3.6.1\mvn_resp\org\springframework\spring-oxm\5.2.8.RELEASE\spring-oxm-5.2.8.RELEASE.jar;D:\development\JavaEE\maven\apache-maven-3.6.1\mvn_resp\org\springframework\spring-context-support\5.2.8.RELEASE\spring-context-support-5.2.8.RELEASE.jar;D:\development\JavaEE\maven\apache-maven-3.6.1\mvn_resp\io\lettuce\lettuce-core\5.3.2.RELEASE\lettuce-core-5.3.2.RELEASE.jar;D:\development\JavaEE\maven\apache-maven-3.6.1\mvn_resp\io\netty\netty-common\4.1.51.Final\netty-common-4.1.51.Final.jar;D:\development\JavaEE\maven\apache-maven-3.6.1\mvn_resp\io\netty\netty-handler\4.1.51.Final\netty-handler-4.1.51.Final.jar;D:\development\JavaEE\maven\apache-maven-3.6.1\mvn_resp\io\netty\netty-resolver\4.1.51.Final\netty-resolver-4.1.51.Final.jar;D:\development\JavaEE\maven\apache-maven-3.6.1\mvn_resp\io\netty\netty-buffer\4.1.51.Final\netty-buffer-4.1.51.Final.jar;D:\development\JavaEE\maven\apache-maven-3.6.1\mvn_resp\io\netty\netty-codec\4.1.51.Final\netty-codec-4.1.51.Final.jar;D:\development\JavaEE\maven\apache-maven-3.6.1\mvn_resp\io\netty\netty-transport\4.1.51.Final\netty-transport-4.1.51.Final.jar;D:\development\JavaEE\maven\apache-maven-3.6.1\mvn_resp\io\projectreactor\reactor-core\3.3.8.RELEASE\reactor-core-3.3.8.RELEASE.jar;D:\development\JavaEE\maven\apache-maven-3.6.1\mvn_resp\org\reactivestreams\reactive-streams\1.0.3\reactive-streams-1.0.3.jar;D:\development\JavaEE\maven\apache-maven-3.6.1\mvn_resp\com\zheng\travel\travel-browser-common-auth\1.0-SNAPSHOT\travel-browser-common-auth-1.0-SNAPSHOT.jar;D:\development\JavaEE\maven\apache-maven-3.6.1\mvn_resp\io\jsonwebtoken\jjwt\0.9.1\jjwt-0.9.1.jar;D:\development\JavaEE\maven\apache-maven-3.6.1\mvn_resp\com\fasterxml\jackson\core\jackson-databind\2.11.1\jackson-databind-2.11.1.jar;D:\development\JavaEE\maven\apache-maven-3.6.1\mvn_resp\com\fasterxml\jackson\core\jackson-annotations\2.11.1\jackson-annotations-2.11.1.jar;D:\development\JavaEE\maven\apache-maven-3.6.1\mvn_resp\com\zheng\travel\travel-browser-common-core\1.0-SNAPSHOT\travel-browser-common-core-1.0-SNAPSHOT.jar;D:\development\JavaEE\maven\apache-maven-3.6.1\mvn_resp\com\alibaba\fastjson2\fastjson2\2.0.25\fastjson2-2.0.25.jar;D:\development\JavaEE\maven\apache-maven-3.6.1\mvn_resp\org\apache\commons\commons-lang3\3.12.0\commons-lang3-3.12.0.jar;D:\development\JavaEE\maven\apache-maven-3.6.1\mvn_resp\io\springfox\springfox-swagger2\2.9.2\springfox-swagger2-2.9.2.jar;D:\development\JavaEE\maven\apache-maven-3.6.1\mvn_resp\io\swagger\swagger-annotations\1.5.20\swagger-annotations-1.5.20.jar;D:\development\JavaEE\maven\apache-maven-3.6.1\mvn_resp\io\swagger\swagger-models\1.5.20\swagger-models-1.5.20.jar;D:\development\JavaEE\maven\apache-maven-3.6.1\mvn_resp\io\springfox\springfox-spi\2.9.2\springfox-spi-2.9.2.jar;D:\development\JavaEE\maven\apache-maven-3.6.1\mvn_resp\io\springfox\springfox-core\2.9.2\springfox-core-2.9.2.jar;D:\development\JavaEE\maven\apache-maven-3.6.1\mvn_resp\io\springfox\springfox-schema\2.9.2\springfox-schema-2.9.2.jar;D:\development\JavaEE\maven\apache-maven-3.6.1\mvn_resp\io\springfox\springfox-swagger-common\2.9.2\springfox-swagger-common-2.9.2.jar;D:\development\JavaEE\maven\apache-maven-3.6.1\mvn_resp\io\springfox\springfox-spring-web\2.9.2\springfox-spring-web-2.9.2.jar;D:\development\JavaEE\maven\apache-maven-3.6.1\mvn_resp\com\google\guava\guava\29.0-jre\guava-29.0-jre.jar;D:\development\JavaEE\maven\apache-maven-3.6.1\mvn_resp\com\google\guava\failureaccess\1.0.1\failureaccess-1.0.1.jar;D:\development\JavaEE\maven\apache-maven-3.6.1\mvn_resp\com\google\guava\listenablefuture\9999.0-empty-to-avoid-conflict-with-guava\listenablefuture-9999.0-empty-to-avoid-conflict-with-guava.jar;D:\development\JavaEE\maven\apache-maven-3.6.1\mvn_resp\com\google\code\findbugs\jsr305\3.0.2\jsr305-3.0.2.jar;D:\development\JavaEE\maven\apache-maven-3.6.1\mvn_resp\org\checkerframework\checker-qual\2.11.1\checker-qual-2.11.1.jar;D:\development\JavaEE\maven\apache-maven-3.6.1\mvn_resp\com\google\errorprone\error_prone_annotations\2.3.4\error_prone_annotations-2.3.4.jar;D:\development\JavaEE\maven\apache-maven-3.6.1\mvn_resp\com\google\j2objc\j2objc-annotations\1.3\j2objc-annotations-1.3.jar;D:\development\JavaEE\maven\apache-maven-3.6.1\mvn_resp\com\fasterxml\classmate\1.5.1\classmate-1.5.1.jar;D:\development\JavaEE\maven\apache-maven-3.6.1\mvn_resp\org\slf4j\slf4j-api\1.7.30\slf4j-api-1.7.30.jar;D:\development\JavaEE\maven\apache-maven-3.6.1\mvn_resp\org\springframework\plugin\spring-plugin-core\1.2.0.RELEASE\spring-plugin-core-1.2.0.RELEASE.jar;D:\development\JavaEE\maven\apache-maven-3.6.1\mvn_resp\org\springframework\plugin\spring-plugin-metadata\1.2.0.RELEASE\spring-plugin-metadata-1.2.0.RELEASE.jar;D:\development\JavaEE\maven\apache-maven-3.6.1\mvn_resp\org\mapstruct\mapstruct\1.2.0.Final\mapstruct-1.2.0.Final.jar;D:\development\JavaEE\maven\apache-maven-3.6.1\mvn_resp\io\springfox\springfox-swagger-ui\2.9.2\springfox-swagger-ui-2.9.2.jar;D:\development\JavaEE\maven\apache-maven-3.6.1\mvn_resp\com\aliyun\oss\aliyun-sdk-oss\3.10.0\aliyun-sdk-oss-3.10.0.jar;D:\development\JavaEE\maven\apache-maven-3.6.1\mvn_resp\org\apache\httpcomponents\httpclient\4.5.12\httpclient-4.5.12.jar;D:\development\JavaEE\maven\apache-maven-3.6.1\mvn_resp\org\apache\httpcomponents\httpcore\4.4.13\httpcore-4.4.13.jar;D:\development\JavaEE\maven\apache-maven-3.6.1\mvn_resp\commons-codec\commons-codec\1.14\commons-codec-1.14.jar;D:\development\JavaEE\maven\apache-maven-3.6.1\mvn_resp\org\jdom\jdom\1.1\jdom-1.1.jar;D:\development\JavaEE\maven\apache-maven-3.6.1\mvn_resp\org\codehaus\jettison\jettison\1.1\jettison-1.1.jar;D:\development\JavaEE\maven\apache-maven-3.6.1\mvn_resp\stax\stax-api\1.0.1\stax-api-1.0.1.jar;D:\development\JavaEE\maven\apache-maven-3.6.1\mvn_resp\com\aliyun\aliyun-java-sdk-core\3.4.0\aliyun-java-sdk-core-3.4.0.jar;D:\development\JavaEE\maven\apache-maven-3.6.1\mvn_resp\com\aliyun\aliyun-java-sdk-ram\3.0.0\aliyun-java-sdk-ram-3.0.0.jar;D:\development\JavaEE\maven\apache-maven-3.6.1\mvn_resp\com\aliyun\aliyun-java-sdk-sts\3.0.0\aliyun-java-sdk-sts-3.0.0.jar;D:\development\JavaEE\maven\apache-maven-3.6.1\mvn_resp\com\aliyun\aliyun-java-sdk-ecs\4.2.0\aliyun-java-sdk-ecs-4.2.0.jar;D:\development\JavaEE\maven\apache-maven-3.6.1\mvn_resp\com\aliyun\aliyun-java-sdk-kms\2.7.0\aliyun-java-sdk-kms-2.7.0.jar;D:\development\JavaEE\maven\apache-maven-3.6.1\mvn_resp\com\google\code\gson\gson\2.8.6\gson-2.8.6.jar;D:\development\JavaEE\maven\apache-maven-3.6.1\mvn_resp\org\springframework\boot\spring-boot-starter-test\2.3.2.RELEASE\spring-boot-starter-test-2.3.2.RELEASE.jar;D:\development\JavaEE\maven\apache-maven-3.6.1\mvn_resp\org\springframework\boot\spring-boot-starter\2.3.2.RELEASE\spring-boot-starter-2.3.2.RELEASE.jar;D:\development\JavaEE\maven\apache-maven-3.6.1\mvn_resp\org\springframework\boot\spring-boot\2.3.2.RELEASE\spring-boot-2.3.2.RELEASE.jar;D:\development\JavaEE\maven\apache-maven-3.6.1\mvn_resp\org\springframework\boot\spring-boot-starter-logging\2.3.2.RELEASE\spring-boot-starter-logging-2.3.2.RELEASE.jar;D:\development\JavaEE\maven\apache-maven-3.6.1\mvn_resp\ch\qos\logback\logback-classic\1.2.3\logback-classic-1.2.3.jar;D:\development\JavaEE\maven\apache-maven-3.6.1\mvn_resp\ch\qos\logback\logback-core\1.2.3\logback-core-1.2.3.jar;D:\development\JavaEE\maven\apache-maven-3.6.1\mvn_resp\org\apache\logging\log4j\log4j-to-slf4j\2.13.3\log4j-to-slf4j-2.13.3.jar;D:\development\JavaEE\maven\apache-maven-3.6.1\mvn_resp\org\apache\logging\log4j\log4j-api\2.13.3\log4j-api-2.13.3.jar;D:\development\JavaEE\maven\apache-maven-3.6.1\mvn_resp\org\slf4j\jul-to-slf4j\1.7.30\jul-to-slf4j-1.7.30.jar;D:\development\JavaEE\maven\apache-maven-3.6.1\mvn_resp\jakarta\annotation\jakarta.annotation-api\1.3.5\jakarta.annotation-api-1.3.5.jar;D:\development\JavaEE\maven\apache-maven-3.6.1\mvn_resp\org\yaml\snakeyaml\1.26\snakeyaml-1.26.jar;D:\development\JavaEE\maven\apache-maven-3.6.1\mvn_resp\org\springframework\boot\spring-boot-test\2.3.2.RELEASE\spring-boot-test-2.3.2.RELEASE.jar;D:\development\JavaEE\maven\apache-maven-3.6.1\mvn_resp\org\springframework\boot\spring-boot-test-autoconfigure\2.3.2.RELEASE\spring-boot-test-autoconfigure-2.3.2.RELEASE.jar;D:\development\JavaEE\maven\apache-maven-3.6.1\mvn_resp\com\jayway\jsonpath\json-path\2.4.0\json-path-2.4.0.jar;D:\development\JavaEE\maven\apache-maven-3.6.1\mvn_resp\net\minidev\json-smart\2.3\json-smart-2.3.jar;D:\development\JavaEE\maven\apache-maven-3.6.1\mvn_resp\net\minidev\accessors-smart\1.2\accessors-smart-1.2.jar;D:\development\JavaEE\maven\apache-maven-3.6.1\mvn_resp\org\ow2\asm\asm\5.0.4\asm-5.0.4.jar;D:\development\JavaEE\maven\apache-maven-3.6.1\mvn_resp\jakarta\xml\bind\jakarta.xml.bind-api\2.3.3\jakarta.xml.bind-api-2.3.3.jar;D:\development\JavaEE\maven\apache-maven-3.6.1\mvn_resp\jakarta\activation\jakarta.activation-api\1.2.2\jakarta.activation-api-1.2.2.jar;D:\development\JavaEE\maven\apache-maven-3.6.1\mvn_resp\org\assertj\assertj-core\3.16.1\assertj-core-3.16.1.jar;D:\development\JavaEE\maven\apache-maven-3.6.1\mvn_resp\org\hamcrest\hamcrest\2.2\hamcrest-2.2.jar;D:\development\JavaEE\maven\apache-maven-3.6.1\mvn_resp\org\junit\jupiter\junit-jupiter\5.6.2\junit-jupiter-5.6.2.jar;D:\development\JavaEE\maven\apache-maven-3.6.1\mvn_resp\org\junit\jupiter\junit-jupiter-api\5.6.2\junit-jupiter-api-5.6.2.jar;D:\development\JavaEE\maven\apache-maven-3.6.1\mvn_resp\org\opentest4j\opentest4j\1.2.0\opentest4j-1.2.0.jar;D:\development\JavaEE\maven\apache-maven-3.6.1\mvn_resp\org\junit\platform\junit-platform-commons\1.6.2\junit-platform-commons-1.6.2.jar;D:\development\JavaEE\maven\apache-maven-3.6.1\mvn_resp\org\junit\jupiter\junit-jupiter-params\5.6.2\junit-jupiter-params-5.6.2.jar;D:\development\JavaEE\maven\apache-maven-3.6.1\mvn_resp\org\junit\jupiter\junit-jupiter-engine\5.6.2\junit-jupiter-engine-5.6.2.jar;D:\development\JavaEE\maven\apache-maven-3.6.1\mvn_resp\org\junit\vintage\junit-vintage-engine\5.6.2\junit-vintage-engine-5.6.2.jar;D:\development\JavaEE\maven\apache-maven-3.6.1\mvn_resp\org\apiguardian\apiguardian-api\1.1.0\apiguardian-api-1.1.0.jar;D:\development\JavaEE\maven\apache-maven-3.6.1\mvn_resp\org\junit\platform\junit-platform-engine\1.6.2\junit-platform-engine-1.6.2.jar;D:\development\JavaEE\maven\apache-maven-3.6.1\mvn_resp\junit\junit\4.13\junit-4.13.jar;D:\development\JavaEE\maven\apache-maven-3.6.1\mvn_resp\org\mockito\mockito-core\3.3.3\mockito-core-3.3.3.jar;D:\development\JavaEE\maven\apache-maven-3.6.1\mvn_resp\net\bytebuddy\byte-buddy\1.10.13\byte-buddy-1.10.13.jar;D:\development\JavaEE\maven\apache-maven-3.6.1\mvn_resp\net\bytebuddy\byte-buddy-agent\1.10.13\byte-buddy-agent-1.10.13.jar;D:\development\JavaEE\maven\apache-maven-3.6.1\mvn_resp\org\objenesis\objenesis\2.6\objenesis-2.6.jar;D:\development\JavaEE\maven\apache-maven-3.6.1\mvn_resp\org\mockito\mockito-junit-jupiter\3.3.3\mockito-junit-jupiter-3.3.3.jar;D:\development\JavaEE\maven\apache-maven-3.6.1\mvn_resp\org\skyscreamer\jsonassert\1.5.0\jsonassert-1.5.0.jar;D:\development\JavaEE\maven\apache-maven-3.6.1\mvn_resp\com\vaadin\external\google\android-json\0.0.20131108.vaadin1\android-json-0.0.20131108.vaadin1.jar;D:\development\JavaEE\maven\apache-maven-3.6.1\mvn_resp\org\springframework\spring-core\5.2.8.RELEASE\spring-core-5.2.8.RELEASE.jar;D:\development\JavaEE\maven\apache-maven-3.6.1\mvn_resp\org\springframework\spring-jcl\5.2.8.RELEASE\spring-jcl-5.2.8.RELEASE.jar;D:\development\JavaEE\maven\apache-maven-3.6.1\mvn_resp\org\springframework\spring-test\5.2.8.RELEASE\spring-test-5.2.8.RELEASE.jar;D:\development\JavaEE\maven\apache-maven-3.6.1\mvn_resp\org\xmlunit\xmlunit-core\2.7.0\xmlunit-core-2.7.0.jar;D:\development\JavaEE\maven\apache-maven-3.6.1\mvn_resp\org\springframework\boot\spring-boot-starter-web\2.3.2.RELEASE\spring-boot-starter-web-2.3.2.RELEASE.jar;D:\development\JavaEE\maven\apache-maven-3.6.1\mvn_resp\org\springframework\boot\spring-boot-starter-json\2.3.2.RELEASE\spring-boot-starter-json-2.3.2.RELEASE.jar;D:\development\JavaEE\maven\apache-maven-3.6.1\mvn_resp\com\fasterxml\jackson\datatype\jackson-datatype-jdk8\2.11.1\jackson-datatype-jdk8-2.11.1.jar;D:\development\JavaEE\maven\apache-maven-3.6.1\mvn_resp\com\fasterxml\jackson\datatype\jackson-datatype-jsr310\2.11.1\jackson-datatype-jsr310-2.11.1.jar;D:\development\JavaEE\maven\apache-maven-3.6.1\mvn_resp\com\fasterxml\jackson\module\jackson-module-parameter-names\2.11.1\jackson-module-parameter-names-2.11.1.jar;D:\development\JavaEE\maven\apache-maven-3.6.1\mvn_resp\org\springframework\boot\spring-boot-starter-tomcat\2.3.2.RELEASE\spring-boot-starter-tomcat-2.3.2.RELEASE.jar;D:\development\JavaEE\maven\apache-maven-3.6.1\mvn_resp\org\apache\tomcat\embed\tomcat-embed-core\9.0.37\tomcat-embed-core-9.0.37.jar;D:\development\JavaEE\maven\apache-maven-3.6.1\mvn_resp\org\glassfish\jakarta.el\3.0.3\jakarta.el-3.0.3.jar;D:\development\JavaEE\maven\apache-maven-3.6.1\mvn_resp\org\apache\tomcat\embed\tomcat-embed-websocket\9.0.37\tomcat-embed-websocket-9.0.37.jar;D:\development\JavaEE\maven\apache-maven-3.6.1\mvn_resp\org\springframework\spring-web\5.2.8.RELEASE\spring-web-5.2.8.RELEASE.jar;D:\development\JavaEE\maven\apache-maven-3.6.1\mvn_resp\org\springframework\spring-beans\5.2.8.RELEASE\spring-beans-5.2.8.RELEASE.jar;D:\development\JavaEE\maven\apache-maven-3.6.1\mvn_resp\org\springframework\spring-webmvc\5.2.8.RELEASE\spring-webmvc-5.2.8.RELEASE.jar;D:\development\JavaEE\maven\apache-maven-3.6.1\mvn_resp\org\springframework\spring-aop\5.2.8.RELEASE\spring-aop-5.2.8.RELEASE.jar;D:\development\JavaEE\maven\apache-maven-3.6.1\mvn_resp\org\springframework\spring-context\5.2.8.RELEASE\spring-context-5.2.8.RELEASE.jar;D:\development\JavaEE\maven\apache-maven-3.6.1\mvn_resp\org\springframework\spring-expression\5.2.8.RELEASE\spring-expression-5.2.8.RELEASE.jar;D:\development\JavaEE\maven\apache-maven-3.6.1\mvn_resp\com\alibaba\cloud\spring-cloud-starter-alibaba-nacos-discovery\2.2.3.RELEASE\spring-cloud-starter-alibaba-nacos-discovery-2.2.3.RELEASE.jar;D:\development\JavaEE\maven\apache-maven-3.6.1\mvn_resp\com\alibaba\nacos\nacos-client\1.3.3\nacos-client-1.3.3.jar;D:\development\JavaEE\maven\apache-maven-3.6.1\mvn_resp\com\alibaba\nacos\nacos-common\1.3.3\nacos-common-1.3.3.jar;D:\development\JavaEE\maven\apache-maven-3.6.1\mvn_resp\commons-io\commons-io\2.2\commons-io-2.2.jar;D:\development\JavaEE\maven\apache-maven-3.6.1\mvn_resp\org\apache\httpcomponents\httpasyncclient\4.1.4\httpasyncclient-4.1.4.jar;D:\development\JavaEE\maven\apache-maven-3.6.1\mvn_resp\org\apache\httpcomponents\httpcore-nio\4.4.13\httpcore-nio-4.4.13.jar;D:\development\JavaEE\maven\apache-maven-3.6.1\mvn_resp\com\alibaba\nacos\nacos-api\1.3.3\nacos-api-1.3.3.jar;D:\development\JavaEE\maven\apache-maven-3.6.1\mvn_resp\com\fasterxml\jackson\core\jackson-core\2.11.1\jackson-core-2.11.1.jar;D:\development\JavaEE\maven\apache-maven-3.6.1\mvn_resp\io\prometheus\simpleclient\0.5.0\simpleclient-0.5.0.jar;D:\development\JavaEE\maven\apache-maven-3.6.1\mvn_resp\com\alibaba\spring\spring-context-support\1.0.10\spring-context-support-1.0.10.jar;D:\development\JavaEE\maven\apache-maven-3.6.1\mvn_resp\org\springframework\cloud\spring-cloud-commons\2.2.5.RELEASE\spring-cloud-commons-2.2.5.RELEASE.jar;D:\development\JavaEE\maven\apache-maven-3.6.1\mvn_resp\org\springframework\security\spring-security-crypto\5.3.3.RELEASE\spring-security-crypto-5.3.3.RELEASE.jar;D:\development\JavaEE\maven\apache-maven-3.6.1\mvn_resp\org\springframework\cloud\spring-cloud-context\2.2.5.RELEASE\spring-cloud-context-2.2.5.RELEASE.jar;D:\development\JavaEE\maven\apache-maven-3.6.1\mvn_resp\org\springframework\cloud\spring-cloud-starter-netflix-ribbon\2.2.5.RELEASE\spring-cloud-starter-netflix-ribbon-2.2.5.RELEASE.jar;D:\development\JavaEE\maven\apache-maven-3.6.1\mvn_resp\org\springframework\cloud\spring-cloud-netflix-ribbon\2.2.5.RELEASE\spring-cloud-netflix-ribbon-2.2.5.RELEASE.jar;D:\development\JavaEE\maven\apache-maven-3.6.1\mvn_resp\org\springframework\cloud\spring-cloud-netflix-archaius\2.2.5.RELEASE\spring-cloud-netflix-archaius-2.2.5.RELEASE.jar;D:\development\JavaEE\maven\apache-maven-3.6.1\mvn_resp\org\springframework\cloud\spring-cloud-starter-netflix-archaius\2.2.5.RELEASE\spring-cloud-starter-netflix-archaius-2.2.5.RELEASE.jar;D:\development\JavaEE\maven\apache-maven-3.6.1\mvn_resp\commons-configuration\commons-configuration\1.8\commons-configuration-1.8.jar;D:\development\JavaEE\maven\apache-maven-3.6.1\mvn_resp\com\netflix\ribbon\ribbon\2.3.0\ribbon-2.3.0.jar;D:\development\JavaEE\maven\apache-maven-3.6.1\mvn_resp\com\netflix\ribbon\ribbon-transport\2.3.0\ribbon-transport-2.3.0.jar;D:\development\JavaEE\maven\apache-maven-3.6.1\mvn_resp\io\reactivex\rxnetty-contexts\0.4.9\rxnetty-contexts-0.4.9.jar;D:\development\JavaEE\maven\apache-maven-3.6.1\mvn_resp\io\reactivex\rxnetty-servo\0.4.9\rxnetty-servo-0.4.9.jar;D:\development\JavaEE\maven\apache-maven-3.6.1\mvn_resp\javax\inject\javax.inject\1\javax.inject-1.jar;D:\development\JavaEE\maven\apache-maven-3.6.1\mvn_resp\io\reactivex\rxnetty\0.4.9\rxnetty-0.4.9.jar;D:\development\JavaEE\maven\apache-maven-3.6.1\mvn_resp\com\netflix\ribbon\ribbon-core\2.3.0\ribbon-core-2.3.0.jar;D:\development\JavaEE\maven\apache-maven-3.6.1\mvn_resp\commons-lang\commons-lang\2.6\commons-lang-2.6.jar;D:\development\JavaEE\maven\apache-maven-3.6.1\mvn_resp\com\netflix\ribbon\ribbon-httpclient\2.3.0\ribbon-httpclient-2.3.0.jar;D:\development\JavaEE\maven\apache-maven-3.6.1\mvn_resp\commons-collections\commons-collections\3.2.2\commons-collections-3.2.2.jar;D:\development\JavaEE\maven\apache-maven-3.6.1\mvn_resp\com\sun\jersey\jersey-client\1.19.1\jersey-client-1.19.1.jar;D:\development\JavaEE\maven\apache-maven-3.6.1\mvn_resp\com\sun\jersey\jersey-core\1.19.1\jersey-core-1.19.1.jar;D:\development\JavaEE\maven\apache-maven-3.6.1\mvn_resp\javax\ws\rs\jsr311-api\1.1.1\jsr311-api-1.1.1.jar;D:\development\JavaEE\maven\apache-maven-3.6.1\mvn_resp\com\sun\jersey\contribs\jersey-apache-client4\1.19.1\jersey-apache-client4-1.19.1.jar;D:\development\JavaEE\maven\apache-maven-3.6.1\mvn_resp\com\netflix\servo\servo-core\0.12.21\servo-core-0.12.21.jar;D:\development\JavaEE\maven\apache-maven-3.6.1\mvn_resp\com\netflix\netflix-commons\netflix-commons-util\0.3.0\netflix-commons-util-0.3.0.jar;D:\development\JavaEE\maven\apache-maven-3.6.1\mvn_resp\com\netflix\ribbon\ribbon-loadbalancer\2.3.0\ribbon-loadbalancer-2.3.0.jar;D:\development\JavaEE\maven\apache-maven-3.6.1\mvn_resp\com\netflix\netflix-commons\netflix-statistics\0.1.1\netflix-statistics-0.1.1.jar;D:\development\JavaEE\maven\apache-maven-3.6.1\mvn_resp\io\reactivex\rxjava\1.3.8\rxjava-1.3.8.jar;D:\development\JavaEE\maven\apache-maven-3.6.1\mvn_resp\com\alibaba\cloud\spring-cloud-starter-alibaba-nacos-config\2.2.3.RELEASE\spring-cloud-starter-alibaba-nacos-config-2.2.3.RELEASE.jar;D:\development\JavaEE\maven\apache-maven-3.6.1\mvn_resp\org\springframework\cloud\spring-cloud-starter-openfeign\2.2.5.RELEASE\spring-cloud-starter-openfeign-2.2.5.RELEASE.jar;D:\development\JavaEE\maven\apache-maven-3.6.1\mvn_resp\org\springframework\cloud\spring-cloud-starter\2.2.5.RELEASE\spring-cloud-starter-2.2.5.RELEASE.jar;D:\development\JavaEE\maven\apache-maven-3.6.1\mvn_resp\org\springframework\security\spring-security-rsa\1.0.9.RELEASE\spring-security-rsa-1.0.9.RELEASE.jar;D:\development\JavaEE\maven\apache-maven-3.6.1\mvn_resp\org\bouncycastle\bcpkix-jdk15on\1.64\bcpkix-jdk15on-1.64.jar;D:\development\JavaEE\maven\apache-maven-3.6.1\mvn_resp\org\bouncycastle\bcprov-jdk15on\1.64\bcprov-jdk15on-1.64.jar;D:\development\JavaEE\maven\apache-maven-3.6.1\mvn_resp\org\springframework\cloud\spring-cloud-openfeign-core\2.2.5.RELEASE\spring-cloud-openfeign-core-2.2.5.RELEASE.jar;D:\development\JavaEE\maven\apache-maven-3.6.1\mvn_resp\org\springframework\boot\spring-boot-starter-aop\2.3.2.RELEASE\spring-boot-starter-aop-2.3.2.RELEASE.jar;D:\development\JavaEE\maven\apache-maven-3.6.1\mvn_resp\org\aspectj\aspectjweaver\1.9.6\aspectjweaver-1.9.6.jar;D:\development\JavaEE\maven\apache-maven-3.6.1\mvn_resp\io\github\openfeign\form\feign-form-spring\3.8.0\feign-form-spring-3.8.0.jar;D:\development\JavaEE\maven\apache-maven-3.6.1\mvn_resp\io\github\openfeign\form\feign-form\3.8.0\feign-form-3.8.0.jar;D:\development\JavaEE\maven\apache-maven-3.6.1\mvn_resp\commons-fileupload\commons-fileupload\1.4\commons-fileupload-1.4.jar;D:\development\JavaEE\maven\apache-maven-3.6.1\mvn_resp\io\github\openfeign\feign-core\10.10.1\feign-core-10.10.1.jar;D:\development\JavaEE\maven\apache-maven-3.6.1\mvn_resp\io\github\openfeign\feign-slf4j\10.10.1\feign-slf4j-10.10.1.jar;D:\development\JavaEE\maven\apache-maven-3.6.1\mvn_resp\io\github\openfeign\feign-hystrix\10.10.1\feign-hystrix-10.10.1.jar;D:\development\JavaEE\maven\apache-maven-3.6.1\mvn_resp\com\netflix\archaius\archaius-core\0.7.6\archaius-core-0.7.6.jar;D:\development\JavaEE\maven\apache-maven-3.6.1\mvn_resp\com\netflix\hystrix\hystrix-core\1.5.18\hystrix-core-1.5.18.jar;D:\development\JavaEE\maven\apache-maven-3.6.1\mvn_resp\org\hdrhistogram\HdrHistogram\2.1.9\HdrHistogram-2.1.9.jar;"/>
    <property name="sun.cpu.endian" value="little"/>
    <property name="user.home" value="C:\Users\Administrator"/>
    <property name="user.language" value="zh"/>
    <property name="java.specification.vendor" value="Oracle Corporation"/>
    <property name="java.home" value="D:\development\Java\jdk1.8.0_172\jre"/>
    <property name="basedir" value="D:\yjxz\YJ_Class\projects\Travel\code\travel-browser-cloud\travel-browser-modules\travel-browser-article-server"/>
    <property name="file.separator" value="\"/>
    <property name="line.separator" value="&#10;"/>
    <property name="java.vm.specification.vendor" value="Oracle Corporation"/>
    <property name="java.specification.name" value="Java Platform API Specification"/>
    <property name="java.awt.graphicsenv" value="sun.awt.Win32GraphicsEnvironment"/>
    <property name="surefire.real.class.path" value="C:\Users\Administrator\AppData\Local\Temp\surefire8623960174228194284\surefirebooter3888031879068765980.jar"/>
    <property name="sun.boot.class.path" value="D:\development\Java\jdk1.8.0_172\jre\lib\resources.jar;D:\development\Java\jdk1.8.0_172\jre\lib\rt.jar;D:\development\Java\jdk1.8.0_172\jre\lib\sunrsasign.jar;D:\development\Java\jdk1.8.0_172\jre\lib\jsse.jar;D:\development\Java\jdk1.8.0_172\jre\lib\jce.jar;D:\development\Java\jdk1.8.0_172\jre\lib\charsets.jar;D:\development\Java\jdk1.8.0_172\jre\lib\jfr.jar;D:\development\Java\jdk1.8.0_172\jre\classes"/>
    <property name="user.script" value=""/>
    <property name="sun.management.compiler" value="HotSpot 64-Bit Tiered Compilers"/>
    <property name="java.runtime.version" value="1.8.0_172-b11"/>
    <property name="user.name" value="Administrator"/>
    <property name="path.separator" value=";"/>
    <property name="os.version" value="10.0"/>
    <property name="java.endorsed.dirs" value="D:\development\Java\jdk1.8.0_172\jre\lib\endorsed"/>
    <property name="java.runtime.name" value="Java(TM) SE Runtime Environment"/>
    <property name="file.encoding" value="GBK"/>
    <property name="java.vm.name" value="Java HotSpot(TM) 64-Bit Server VM"/>
    <property name="localRepository" value="D:\development\JavaEE\maven\apache-maven-3.6.1\mvn_resp"/>
    <property name="java.vendor.url.bug" value="http://bugreport.sun.com/bugreport/"/>
    <property name="java.io.tmpdir" value="C:\Users\Administrator\AppData\Local\Temp\"/>
    <property name="idea.version" value="2021.1.1"/>
    <property name="java.version" value="1.8.0_172"/>
    <property name="user.dir" value="D:\yjxz\YJ_Class\projects\Travel\code\travel-browser-cloud\travel-browser-modules\travel-browser-article-server"/>
    <property name="os.arch" value="amd64"/>
    <property name="java.vm.specification.name" value="Java Virtual Machine Specification"/>
    <property name="java.awt.printerjob" value="sun.awt.windows.WPrinterJob"/>
    <property name="sun.os.patch.level" value=""/>
    <property name="java.library.path" value="D:\development\Java\jdk1.8.0_172\jre\bin;C:\Windows\Sun\Java\bin;C:\Windows\system32;C:\Windows;D:\软件\python\Scripts\;D:\软件\python\;C:\Python311\Scripts\;C:\Python311\;D:\development\JavaEE\maven\apache-maven-3.6.1\bin;C:\ProgramData\Oracle\Java\javapath;D:\development\Java\jdk1.8.0_172\bin;D:\development\Java\jdk1.8.0_172\jre\bin;D:\oracle\product\10.2.0\db_1\bin;D:\软件\编译工具MinGW\mingw64\bin;C:\P;ogram Files\Common Files\Oracle\Java\javapath;C:\Program Files (x86)\Common Files\Intel\Shared Libraries\redist\intel64\compiler;C:\Windows\system32;C:\Windows;C:\Windows\System32\Wbem;C:\Windows\System32\WindowsPowerShell\v1.0\;C:\Windows\System32\OpenSSH\;C:\Program Files (x86)\NVIDIA Corporation\PhysX\Common;C:\Program Files\NVIDIA Corporation\NVIDIA NvDLISR;D:\development\Java\jdk1.8.0_172\bin;%MySQL_HOME%;D:\软件\VS Code\Microsoft VS Code;%;ATALINA_HOME%\bin;D:\软件\Xshell-7\;D;\软件\Xftp-7\;D;\软件\TortoiseGit-2.7\bin;D;\软件\新建文件夹\Git\cmd;D:\软件\;建文件夹\Git;D:\;件\新建文件夹\Git\cmd;D:\De;elop\node;%TOMCAT_HOME%\bin;D:\development\JavaEE\tomcat\apache-tomcat-9.0.69\bin;C:\ProgramData\chocolatey\bin;C:\Program Files\MySQL\MySQL Server 8.0\bin;D:\软件\微信开发者工具\微信web开发者工具\dll;D:\development\;ode\;D:\软件\新建文件夹\Git\cmd;D:\development\node;D:\development\ElasticSearch\elasticsearch-6.4.3\bin;D:\work\wkhtmltopdf\bin;C:\Program Files\python;C:\Program Files\python\Scripts;D:\BtSoft\panel\script;C:\Program Files\MongoDB\Server\4.2\bin;D:\development\node\;C:\Program Files\MySQL\MySQL Shell 8.0\bin\;C:\Users\Administrator\AppData\Local\Microsoft\WindowsApps;C:\Program Files\Bandizip\;D:\软件\VS Code\Microsoft VS Code\bin;D:\development\JavaEE\maven\apache-maven-3.6.1\bin;C:\Users\Administrator\AppData\Roaming\npm;."/>
    <property name="java.vm.info" value="mixed mode"/>
    <property name="java.vendor" value="Oracle Corporation"/>
    <property name="java.vm.version" value="25.172-b11"/>
    <property name="java.ext.dirs" value="D:\development\Java\jdk1.8.0_172\jre\lib\ext;C:\Windows\Sun\Java\lib\ext"/>
    <property name="sun.io.unicode.encoding" value="UnicodeLittle"/>
    <property name="maven.repo.local" value="D:\development\JavaEE\maven\apache-maven-3.6.1\mvn_resp"/>
    <property name="java.class.version" value="52.0"/>
  </properties>
  <testcase name="test" classname="com.zheng.travel.browser.article.threads.WaitNotifyTest" time="60.003"/>
</testsuite>